# JRE version: Java(TM) SE Runtime Environment (18.0.2+9) (build 18.0.2+9-61)
# Java VM: Java HotSpot(TM) 64-Bit Server VM (18.0.2+9-61, mixed mode, emulated-client, sharing, tiered, compressed oops, compressed class ptrs, g1 gc, windows-amd64)
GC Precious Log:
 CardTable entry size: 512
 Card Set container configuration: InlinePtr #cards 5 size 8 Array Of Cards #cards 12 size 40 Howl #buckets 4 coarsen threshold 1843 Howl Bitmap #cards 512 size 80 coarsen threshold 460 Card regions per heap region 1 cards per card region 2048
 CPUs: 8 total, 8 available
 Memory: 7874M
 Large Page Support: Disabled
 NUMA Support: Disabled
 Compressed Oops: Enabled (32-bit)
 Heap Region Size: 1M
 Heap Min Capacity: 8M
 Heap Initial Capacity: 124M
 Heap Max Capacity: 1970M
 Pre-touch: Disabled
 Parallel Workers: 8
 Concurrent Workers: 2
 Concurrent Refinement Workers: 8
 Periodic GC: Disabled
Heap:
 garbage-first heap   total 114688K, used 78363K [0x0000000084e00000, 0x0000000100000000)
  region size 1024K, 33 young (33792K), 5 survivors (5120K)
 Metaspace       used 84461K, committed 85184K, reserved 1179648K
  class space    used 11584K, committed 11904K, reserved 1048576K
GC Heap History (20 events):
Event: 17.693 GC heap before
{Heap before GC invocations=30 (full 0):
 garbage-first heap   total 95232K, used 77021K [0x0000000084e00000, 0x0000000100000000)
  region size 1024K, 37 young (37888K), 4 survivors (4096K)
 Metaspace       used 80901K, committed 81600K, reserved 1179648K
  class space    used 11138K, committed 11456K, reserved 1048576K
}
Event: 17.700 GC heap after
{Heap after GC invocations=31 (full 0):
 garbage-first heap   total 95232K, used 46430K [0x0000000084e00000, 0x0000000100000000)
  region size 1024K, 4 young (4096K), 4 survivors (4096K)
 Metaspace       used 80901K, committed 81600K, reserved 1179648K
  class space    used 11138K, committed 11456K, reserved 1048576K
}
Event: 125.294 GC heap before
{Heap before GC invocations=31 (full 0):
 garbage-first heap   total 95232K, used 78174K [0x0000000084e00000, 0x0000000100000000)
  region size 1024K, 35 young (35840K), 4 survivors (4096K)
 Metaspace       used 83531K, committed 84288K, reserved 1179648K
  class space    used 11494K, committed 11840K, reserved 1048576K
}
Event: 125.299 GC heap after
{Heap after GC invocations=32 (full 0):
 garbage-first heap   total 114688K, used 47151K [0x0000000084e00000, 0x0000000100000000)
  region size 1024K, 3 young (3072K), 3 survivors (3072K)
 Metaspace       used 83531K, committed 84288K, reserved 1179648K
  class space    used 11494K, committed 11840K, reserved 1048576K
}
Event: 337.516 GC heap before
{Heap before GC invocations=33 (full 0):
 garbage-first heap   total 114688K, used 65583K [0x0000000084e00000, 0x0000000100000000)
  region size 1024K, 22 young (22528K), 3 survivors (3072K)
 Metaspace       used 83342K, committed 84352K, reserved 1179648K
  class space    used 11455K, committed 11840K, reserved 1048576K
}
Event: 337.572 GC heap after
{Heap after GC invocations=34 (full 1):
 garbage-first heap   total 114688K, used 36068K [0x0000000084e00000, 0x0000000100000000)
  region size 1024K, 0 young (0K), 0 survivors (0K)
 Metaspace       used 83301K, committed 84352K, reserved 1179648K
  class space    used 11446K, committed 11840K, reserved 1048576K
}
Event: 338.703 GC heap before
{Heap before GC invocations=34 (full 1):
 garbage-first heap   total 114688K, used 90340K [0x0000000084e00000, 0x0000000100000000)
  region size 1024K, 54 young (55296K), 0 survivors (0K)
 Metaspace       used 83500K, committed 84352K, reserved 1179648K
  class space    used 11482K, committed 11840K, reserved 1048576K
}
Event: 338.708 GC heap after
{Heap after GC invocations=35 (full 1):
 garbage-first heap   total 114688K, used 41284K [0x0000000084e00000, 0x0000000100000000)
  region size 1024K, 6 young (6144K), 6 survivors (6144K)
 Metaspace       used 83500K, committed 84352K, reserved 1179648K
  class space    used 11482K, committed 11840K, reserved 1048576K
}
Event: 339.261 GC heap before
{Heap before GC invocations=35 (full 1):
 garbage-first heap   total 114688K, used 90436K [0x0000000084e00000, 0x0000000100000000)
  region size 1024K, 53 young (54272K), 6 survivors (6144K)
 Metaspace       used 83820K, committed 84544K, reserved 1179648K
  class space    used 11522K, committed 11840K, reserved 1048576K
}
Event: 339.267 GC heap after
{Heap after GC invocations=36 (full 1):
 garbage-first heap   total 114688K, used 44287K [0x0000000084e00000, 0x0000000100000000)
  region size 1024K, 4 young (4096K), 4 survivors (4096K)
 Metaspace       used 83820K, committed 84544K, reserved 1179648K
  class space    used 11522K, committed 11840K, reserved 1048576K
}
Event: 339.629 GC heap before
{Heap before GC invocations=36 (full 1):
 garbage-first heap   total 114688K, used 89343K [0x0000000084e00000, 0x0000000100000000)
  region size 1024K, 48 young (49152K), 4 survivors (4096K)
 Metaspace       used 83947K, committed 84672K, reserved 1179648K
  class space    used 11539K, committed 11840K, reserved 1048576K
}
Event: 339.634 GC heap after
{Heap after GC invocations=37 (full 1):
 garbage-first heap   total 114688K, used 48524K [0x0000000084e00000, 0x0000000100000000)
  region size 1024K, 5 young (5120K), 5 survivors (5120K)
 Metaspace       used 83947K, committed 84672K, reserved 1179648K
  class space    used 11539K, committed 11840K, reserved 1048576K
}
Event: 341.147 GC heap before
{Heap before GC invocations=37 (full 1):
 garbage-first heap   total 114688K, used 61836K [0x0000000084e00000, 0x0000000100000000)
  region size 1024K, 19 young (19456K), 5 survivors (5120K)
 Metaspace       used 83966K, committed 84672K, reserved 1179648K
  class space    used 11543K, committed 11840K, reserved 1048576K
}
Event: 341.205 GC heap after
{Heap after GC invocations=38 (full 2):
 garbage-first heap   total 114688K, used 42843K [0x0000000084e00000, 0x0000000100000000)
  region size 1024K, 0 young (0K), 0 survivors (0K)
 Metaspace       used 83898K, committed 84672K, reserved 1179648K
  class space    used 11529K, committed 11840K, reserved 1048576K
}
Event: 342.384 GC heap before
{Heap before GC invocations=38 (full 2):
 garbage-first heap   total 114688K, used 88923K [0x0000000084e00000, 0x0000000100000000)
  region size 1024K, 46 young (47104K), 0 survivors (0K)
 Metaspace       used 84008K, committed 84672K, reserved 1179648K
  class space    used 11545K, committed 11840K, reserved 1048576K
}
Event: 342.388 GC heap after
{Heap after GC invocations=39 (full 2):
 garbage-first heap   total 114688K, used 46704K [0x0000000084e00000, 0x0000000100000000)
  region size 1024K, 4 young (4096K), 4 survivors (4096K)
 Metaspace       used 84008K, committed 84672K, reserved 1179648K
  class space    used 11545K, committed 11840K, reserved 1048576K
}
Event: 343.145 GC heap before
{Heap before GC invocations=39 (full 2):
 garbage-first heap   total 114688K, used 90736K [0x0000000084e00000, 0x0000000100000000)
  region size 1024K, 47 young (48128K), 4 survivors (4096K)
 Metaspace       used 84174K, committed 84928K, reserved 1179648K
  class space    used 11560K, committed 11904K, reserved 1048576K
}
Event: 343.153 GC heap after
{Heap after GC invocations=40 (full 2):
 garbage-first heap   total 114688K, used 48437K [0x0000000084e00000, 0x0000000100000000)
  region size 1024K, 3 young (3072K), 3 survivors (3072K)
 Metaspace       used 84174K, committed 84928K, reserved 1179648K
  class space    used 11560K, committed 11904K, reserved 1048576K
}
Event: 343.651 GC heap before
{Heap before GC invocations=40 (full 2):
 garbage-first heap   total 114688K, used 90421K [0x0000000084e00000, 0x0000000100000000)
  region size 1024K, 44 young (45056K), 3 survivors (3072K)
 Metaspace       used 84320K, committed 85056K, reserved 1179648K
  class space    used 11570K, committed 11904K, reserved 1048576K
}
Event: 343.655 GC heap after
{Heap after GC invocations=41 (full 2):
 garbage-first heap   total 114688K, used 50715K [0x0000000084e00000, 0x0000000100000000)
  region size 1024K, 5 young (5120K), 5 survivors (5120K)
 Metaspace       used 84320K, committed 85056K, reserved 1179648K
  class space    used 11570K, committed 11904K, reserved 1048576K
}

