# JRE version: Java(TM) SE Runtime Environment (18.0.2+9) (build 18.0.2+9-61)
# Java VM: Java HotSpot(TM) 64-Bit Server VM (18.0.2+9-61, mixed mode, emulated-client, sharing, tiered, compressed oops, compressed class ptrs, g1 gc, windows-amd64)
GC Precious Log:
 CardTable entry size: 512
 Card Set container configuration: InlinePtr #cards 5 size 8 Array Of Cards #cards 12 size 40 Howl #buckets 4 coarsen threshold 1843 Howl Bitmap #cards 512 size 80 coarsen threshold 460 Card regions per heap region 1 cards per card region 2048
 CPUs: 8 total, 8 available
 Memory: 7874M
 Large Page Support: Disabled
 NUMA Support: Disabled
 Compressed Oops: Enabled (32-bit)
 Heap Region Size: 1M
 Heap Min Capacity: 8M
 Heap Initial Capacity: 124M
 Heap Max Capacity: 1970M
 Pre-touch: Disabled
 Parallel Workers: 8
 Concurrent Workers: 2
 Concurrent Refinement Workers: 8
 Periodic GC: Disabled
Heap:
 garbage-first heap   total 128000K, used 89146K [0x0000000084e00000, 0x0000000100000000)
  region size 1024K, 38 young (38912K), 4 survivors (4096K)
 Metaspace       used 93558K, committed 94336K, reserved 1179648K
  class space    used 12966K, committed 13312K, reserved 1048576K
GC Heap History (20 events):
Event: 8.693 GC heap before
{Heap before GC invocations=26 (full 0):
 garbage-first heap   total 106496K, used 89542K [0x0000000084e00000, 0x0000000100000000)
  region size 1024K, 54 young (55296K), 4 survivors (4096K)
 Metaspace       used 68607K, committed 69248K, reserved 1114112K
  class space    used 9556K, committed 9856K, reserved 1048576K
}
Event: 8.700 GC heap after
{Heap after GC invocations=27 (full 0):
 garbage-first heap   total 106496K, used 39114K [0x0000000084e00000, 0x0000000100000000)
  region size 1024K, 7 young (7168K), 7 survivors (7168K)
 Metaspace       used 68607K, committed 69248K, reserved 1114112K
  class space    used 9556K, committed 9856K, reserved 1048576K
}
Event: 9.141 GC heap before
{Heap before GC invocations=27 (full 0):
 garbage-first heap   total 106496K, used 85194K [0x0000000084e00000, 0x0000000100000000)
  region size 1024K, 52 young (53248K), 7 survivors (7168K)
 Metaspace       used 72370K, committed 73024K, reserved 1114112K
  class space    used 10066K, committed 10368K, reserved 1048576K
}
Event: 9.149 GC heap after
{Heap after GC invocations=28 (full 0):
 garbage-first heap   total 106496K, used 41580K [0x0000000084e00000, 0x0000000100000000)
  region size 1024K, 3 young (3072K), 3 survivors (3072K)
 Metaspace       used 72370K, committed 73024K, reserved 1114112K
  class space    used 10066K, committed 10368K, reserved 1048576K
}
Event: 9.769 GC heap before
{Heap before GC invocations=28 (full 0):
 garbage-first heap   total 106496K, used 85612K [0x0000000084e00000, 0x0000000100000000)
  region size 1024K, 46 young (47104K), 3 survivors (3072K)
 Metaspace       used 74695K, committed 75520K, reserved 1114112K
  class space    used 10420K, committed 10816K, reserved 1048576K
}
Event: 9.776 GC heap after
{Heap after GC invocations=29 (full 0):
 garbage-first heap   total 106496K, used 43706K [0x0000000084e00000, 0x0000000100000000)
  region size 1024K, 5 young (5120K), 5 survivors (5120K)
 Metaspace       used 74695K, committed 75520K, reserved 1114112K
  class space    used 10420K, committed 10816K, reserved 1048576K
}
Event: 10.177 GC heap before
{Heap before GC invocations=29 (full 0):
 garbage-first heap   total 106496K, used 85690K [0x0000000084e00000, 0x0000000100000000)
  region size 1024K, 46 young (47104K), 5 survivors (5120K)
 Metaspace       used 76823K, committed 77568K, reserved 1179648K
  class space    used 10705K, committed 11072K, reserved 1048576K
}
Event: 10.184 GC heap after
{Heap after GC invocations=30 (full 0):
 garbage-first heap   total 128000K, used 45962K [0x0000000084e00000, 0x0000000100000000)
  region size 1024K, 5 young (5120K), 5 survivors (5120K)
 Metaspace       used 76823K, committed 77568K, reserved 1179648K
  class space    used 10705K, committed 11072K, reserved 1048576K
}
Event: 10.977 GC heap before
{Heap before GC invocations=30 (full 0):
 garbage-first heap   total 128000K, used 103306K [0x0000000084e00000, 0x0000000100000000)
  region size 1024K, 62 young (63488K), 5 survivors (5120K)
 Metaspace       used 79973K, committed 80768K, reserved 1179648K
  class space    used 11155K, committed 11520K, reserved 1048576K
}
Event: 10.985 GC heap after
{Heap after GC invocations=31 (full 0):
 garbage-first heap   total 128000K, used 49049K [0x0000000084e00000, 0x0000000100000000)
  region size 1024K, 6 young (6144K), 6 survivors (6144K)
 Metaspace       used 79973K, committed 80768K, reserved 1179648K
  class space    used 11155K, committed 11520K, reserved 1048576K
}
Event: 44.627 GC heap before
{Heap before GC invocations=31 (full 0):
 garbage-first heap   total 128000K, used 103321K [0x0000000084e00000, 0x0000000100000000)
  region size 1024K, 59 young (60416K), 6 survivors (6144K)
 Metaspace       used 84801K, committed 85632K, reserved 1179648K
  class space    used 11818K, committed 12224K, reserved 1048576K
}
Event: 44.633 GC heap after
{Heap after GC invocations=32 (full 0):
 garbage-first heap   total 128000K, used 51378K [0x0000000084e00000, 0x0000000100000000)
  region size 1024K, 7 young (7168K), 7 survivors (7168K)
 Metaspace       used 84801K, committed 85632K, reserved 1179648K
  class space    used 11818K, committed 12224K, reserved 1048576K
}
Event: 111.566 GC heap before
{Heap before GC invocations=32 (full 0):
 garbage-first heap   total 128000K, used 102578K [0x0000000084e00000, 0x0000000100000000)
  region size 1024K, 58 young (59392K), 7 survivors (7168K)
 Metaspace       used 89805K, committed 90624K, reserved 1179648K
  class space    used 12416K, committed 12800K, reserved 1048576K
}
Event: 111.572 GC heap after
{Heap after GC invocations=33 (full 0):
 garbage-first heap   total 128000K, used 54049K [0x0000000084e00000, 0x0000000100000000)
  region size 1024K, 5 young (5120K), 5 survivors (5120K)
 Metaspace       used 89805K, committed 90624K, reserved 1179648K
  class space    used 12416K, committed 12800K, reserved 1048576K
}
Event: 396.337 GC heap before
{Heap before GC invocations=33 (full 0):
 garbage-first heap   total 128000K, used 104225K [0x0000000084e00000, 0x0000000100000000)
  region size 1024K, 55 young (56320K), 5 survivors (5120K)
 Metaspace       used 93142K, committed 94016K, reserved 1179648K
  class space    used 12889K, committed 13248K, reserved 1048576K
}
Event: 396.343 GC heap after
{Heap after GC invocations=34 (full 0):
 garbage-first heap   total 128000K, used 54946K [0x0000000084e00000, 0x0000000100000000)
  region size 1024K, 4 young (4096K), 4 survivors (4096K)
 Metaspace       used 93142K, committed 94016K, reserved 1179648K
  class space    used 12889K, committed 13248K, reserved 1048576K
}
Event: 1209.911 GC heap before
{Heap before GC invocations=34 (full 0):
 garbage-first heap   total 128000K, used 106146K [0x0000000084e00000, 0x0000000100000000)
  region size 1024K, 54 young (55296K), 4 survivors (4096K)
 Metaspace       used 93208K, committed 94080K, reserved 1179648K
  class space    used 12902K, committed 13312K, reserved 1048576K
}
Event: 1209.917 GC heap after
{Heap after GC invocations=35 (full 0):
 garbage-first heap   total 128000K, used 54747K [0x0000000084e00000, 0x0000000100000000)
  region size 1024K, 4 young (4096K), 4 survivors (4096K)
 Metaspace       used 93208K, committed 94080K, reserved 1179648K
  class space    used 12902K, committed 13312K, reserved 1048576K
}
Event: 1882.556 GC heap before
{Heap before GC invocations=35 (full 0):
 garbage-first heap   total 128000K, used 106971K [0x0000000084e00000, 0x0000000100000000)
  region size 1024K, 55 young (56320K), 4 survivors (4096K)
 Metaspace       used 93246K, committed 94080K, reserved 1179648K
  class space    used 12909K, committed 13312K, reserved 1048576K
}
Event: 1882.561 GC heap after
{Heap after GC invocations=36 (full 0):
 garbage-first heap   total 128000K, used 55354K [0x0000000084e00000, 0x0000000100000000)
  region size 1024K, 4 young (4096K), 4 survivors (4096K)
 Metaspace       used 93246K, committed 94080K, reserved 1179648K
  class space    used 12909K, committed 13312K, reserved 1048576K
}

