# JRE version: Java(TM) SE Runtime Environment (18.0.2+9) (build 18.0.2+9-61)
# Java VM: Java HotSpot(TM) 64-Bit Server VM (18.0.2+9-61, mixed mode, emulated-client, sharing, tiered, compressed oops, compressed class ptrs, g1 gc, windows-amd64)
GC Precious Log:
 CardTable entry size: 512
 Card Set container configuration: InlinePtr #cards 5 size 8 Array Of Cards #cards 12 size 40 Howl #buckets 4 coarsen threshold 1843 Howl Bitmap #cards 512 size 80 coarsen threshold 460 Card regions per heap region 1 cards per card region 2048
 CPUs: 8 total, 8 available
 Memory: 7874M
 Large Page Support: Disabled
 NUMA Support: Disabled
 Compressed Oops: Enabled (32-bit)
 Heap Region Size: 1M
 Heap Min Capacity: 8M
 Heap Initial Capacity: 124M
 Heap Max Capacity: 1970M
 Pre-touch: Disabled
 Parallel Workers: 8
 Concurrent Workers: 2
 Concurrent Refinement Workers: 8
 Periodic GC: Disabled
Heap:
 garbage-first heap   total 114688K, used 88054K [0x0000000084e00000, 0x0000000100000000)
  region size 1024K, 45 young (46080K), 3 survivors (3072K)
 Metaspace       used 80381K, committed 81088K, reserved 1179648K
  class space    used 11106K, committed 11456K, reserved 1048576K
GC Heap History (20 events):
Event: 10.479 GC heap before
{Heap before GC invocations=25 (full 0):
 garbage-first heap   total 95232K, used 78813K [0x0000000084e00000, 0x0000000100000000)
  region size 1024K, 44 young (45056K), 5 survivors (5120K)
 Metaspace       used 73615K, committed 74432K, reserved 1114112K
  class space    used 10238K, committed 10624K, reserved 1048576K
}
Event: 10.485 GC heap after
{Heap after GC invocations=26 (full 0):
 garbage-first heap   total 95232K, used 41484K [0x0000000084e00000, 0x0000000100000000)
  region size 1024K, 5 young (5120K), 5 survivors (5120K)
 Metaspace       used 73615K, committed 74432K, reserved 1114112K
  class space    used 10238K, committed 10624K, reserved 1048576K
}
Event: 21.927 GC heap before
{Heap before GC invocations=26 (full 0):
 garbage-first heap   total 95232K, used 76300K [0x0000000084e00000, 0x0000000100000000)
  region size 1024K, 40 young (40960K), 5 survivors (5120K)
 Metaspace       used 76297K, committed 77056K, reserved 1179648K
  class space    used 10585K, committed 10944K, reserved 1048576K
}
Event: 21.932 GC heap after
{Heap after GC invocations=27 (full 0):
 garbage-first heap   total 95232K, used 43103K [0x0000000084e00000, 0x0000000100000000)
  region size 1024K, 5 young (5120K), 5 survivors (5120K)
 Metaspace       used 76297K, committed 77056K, reserved 1179648K
  class space    used 10585K, committed 10944K, reserved 1048576K
}
Event: 61.727 GC heap before
{Heap before GC invocations=27 (full 0):
 garbage-first heap   total 95232K, used 76895K [0x0000000084e00000, 0x0000000100000000)
  region size 1024K, 39 young (39936K), 5 survivors (5120K)
 Metaspace       used 79501K, committed 80256K, reserved 1179648K
  class space    used 11044K, committed 11392K, reserved 1048576K
}
Event: 61.733 GC heap after
{Heap after GC invocations=28 (full 0):
 garbage-first heap   total 95232K, used 43690K [0x0000000084e00000, 0x0000000100000000)
  region size 1024K, 3 young (3072K), 3 survivors (3072K)
 Metaspace       used 79501K, committed 80256K, reserved 1179648K
  class space    used 11044K, committed 11392K, reserved 1048576K
}
Event: 143.815 GC heap before
{Heap before GC invocations=28 (full 0):
 garbage-first heap   total 95232K, used 51882K [0x0000000084e00000, 0x0000000100000000)
  region size 1024K, 12 young (12288K), 3 survivors (3072K)
 Metaspace       used 79739K, committed 80512K, reserved 1179648K
  class space    used 11090K, committed 11456K, reserved 1048576K
}
Event: 143.898 GC heap after
{Heap after GC invocations=29 (full 1):
 garbage-first heap   total 95232K, used 33678K [0x0000000084e00000, 0x0000000100000000)
  region size 1024K, 0 young (0K), 0 survivors (0K)
 Metaspace       used 79344K, committed 80512K, reserved 1179648K
  class space    used 10999K, committed 11456K, reserved 1048576K
}
Event: 145.575 GC heap before
{Heap before GC invocations=29 (full 1):
 garbage-first heap   total 95232K, used 75662K [0x0000000084e00000, 0x0000000100000000)
  region size 1024K, 42 young (43008K), 0 survivors (0K)
 Metaspace       used 79451K, committed 80512K, reserved 1179648K
  class space    used 11015K, committed 11456K, reserved 1048576K
}
Event: 145.579 GC heap after
{Heap after GC invocations=30 (full 1):
 garbage-first heap   total 95232K, used 37681K [0x0000000084e00000, 0x0000000100000000)
  region size 1024K, 4 young (4096K), 4 survivors (4096K)
 Metaspace       used 79451K, committed 80512K, reserved 1179648K
  class space    used 11015K, committed 11456K, reserved 1048576K
}
Event: 146.169 GC heap before
{Heap before GC invocations=30 (full 1):
 garbage-first heap   total 95232K, used 76593K [0x0000000084e00000, 0x0000000100000000)
  region size 1024K, 41 young (41984K), 4 survivors (4096K)
 Metaspace       used 79629K, committed 80512K, reserved 1179648K
  class space    used 11049K, committed 11456K, reserved 1048576K
}
Event: 146.176 GC heap after
{Heap after GC invocations=31 (full 1):
 garbage-first heap   total 95232K, used 39995K [0x0000000084e00000, 0x0000000100000000)
  region size 1024K, 3 young (3072K), 3 survivors (3072K)
 Metaspace       used 79629K, committed 80512K, reserved 1179648K
  class space    used 11049K, committed 11456K, reserved 1048576K
}
Event: 148.599 GC heap before
{Heap before GC invocations=31 (full 1):
 garbage-first heap   total 95232K, used 75835K [0x0000000084e00000, 0x0000000100000000)
  region size 1024K, 38 young (38912K), 3 survivors (3072K)
 Metaspace       used 79935K, committed 80640K, reserved 1179648K
  class space    used 11081K, committed 11456K, reserved 1048576K
}
Event: 148.606 GC heap after
{Heap after GC invocations=32 (full 1):
 garbage-first heap   total 114688K, used 44555K [0x0000000084e00000, 0x0000000100000000)
  region size 1024K, 5 young (5120K), 5 survivors (5120K)
 Metaspace       used 79935K, committed 80640K, reserved 1179648K
  class space    used 11081K, committed 11456K, reserved 1048576K
}
Event: 150.178 GC heap before
{Heap before GC invocations=32 (full 1):
 garbage-first heap   total 114688K, used 56843K [0x0000000084e00000, 0x0000000100000000)
  region size 1024K, 18 young (18432K), 5 survivors (5120K)
 Metaspace       used 79947K, committed 80704K, reserved 1179648K
  class space    used 11085K, committed 11456K, reserved 1048576K
}
Event: 150.274 GC heap after
{Heap after GC invocations=33 (full 2):
 garbage-first heap   total 114688K, used 40043K [0x0000000084e00000, 0x0000000100000000)
  region size 1024K, 0 young (0K), 0 survivors (0K)
 Metaspace       used 79853K, committed 80704K, reserved 1179648K
  class space    used 11064K, committed 11456K, reserved 1048576K
}
Event: 151.341 GC heap before
{Heap before GC invocations=33 (full 2):
 garbage-first heap   total 114688K, used 87147K [0x0000000084e00000, 0x0000000100000000)
  region size 1024K, 47 young (48128K), 0 survivors (0K)
 Metaspace       used 79940K, committed 80704K, reserved 1179648K
  class space    used 11075K, committed 11456K, reserved 1048576K
}
Event: 151.345 GC heap after
{Heap after GC invocations=34 (full 2):
 garbage-first heap   total 114688K, used 44139K [0x0000000084e00000, 0x0000000100000000)
  region size 1024K, 4 young (4096K), 4 survivors (4096K)
 Metaspace       used 79940K, committed 80704K, reserved 1179648K
  class space    used 11075K, committed 11456K, reserved 1048576K
}
Event: 152.304 GC heap before
{Heap before GC invocations=34 (full 2):
 garbage-first heap   total 114688K, used 90219K [0x0000000084e00000, 0x0000000100000000)
  region size 1024K, 48 young (49152K), 4 survivors (4096K)
 Metaspace       used 80177K, committed 80896K, reserved 1179648K
  class space    used 11093K, committed 11456K, reserved 1048576K
}
Event: 152.308 GC heap after
{Heap after GC invocations=35 (full 2):
 garbage-first heap   total 114688K, used 46070K [0x0000000084e00000, 0x0000000100000000)
  region size 1024K, 3 young (3072K), 3 survivors (3072K)
 Metaspace       used 80177K, committed 80896K, reserved 1179648K
  class space    used 11093K, committed 11456K, reserved 1048576K
}

