# JRE version: Java(TM) SE Runtime Environment (18.0.2+9) (build 18.0.2+9-61)
# Java VM: Java HotSpot(TM) 64-Bit Server VM (18.0.2+9-61, mixed mode, emulated-client, sharing, tiered, compressed oops, compressed class ptrs, g1 gc, windows-amd64)
GC Precious Log:
 CardTable entry size: 512
 Card Set container configuration: InlinePtr #cards 5 size 8 Array Of Cards #cards 12 size 40 Howl #buckets 4 coarsen threshold 1843 Howl Bitmap #cards 512 size 80 coarsen threshold 460 Card regions per heap region 1 cards per card region 2048
 CPUs: 8 total, 8 available
 Memory: 7874M
 Large Page Support: Disabled
 NUMA Support: Disabled
 Compressed Oops: Enabled (32-bit)
 Heap Region Size: 1M
 Heap Min Capacity: 8M
 Heap Initial Capacity: 124M
 Heap Max Capacity: 1970M
 Pre-touch: Disabled
 Parallel Workers: 8
 Concurrent Workers: 2
 Concurrent Refinement Workers: 8
 Periodic GC: Disabled
Heap:
 garbage-first heap   total 107520K, used 62737K [0x0000000084e00000, 0x0000000100000000)
  region size 1024K, 21 young (21504K), 5 survivors (5120K)
 Metaspace       used 87397K, committed 88192K, reserved 1179648K
  class space    used 12062K, committed 12416K, reserved 1048576K
GC Heap History (20 events):
Event: 8.722 GC heap before
{Heap before GC invocations=25 (full 0):
 garbage-first heap   total 89088K, used 74774K [0x0000000084e00000, 0x0000000100000000)
  region size 1024K, 42 young (43008K), 4 survivors (4096K)
 Metaspace       used 70139K, committed 70784K, reserved 1114112K
  class space    used 9742K, committed 10048K, reserved 1048576K
}
Event: 8.728 GC heap after
{Heap after GC invocations=26 (full 0):
 garbage-first heap   total 107520K, used 37500K [0x0000000084e00000, 0x0000000100000000)
  region size 1024K, 5 young (5120K), 5 survivors (5120K)
 Metaspace       used 70139K, committed 70784K, reserved 1114112K
  class space    used 9742K, committed 10048K, reserved 1048576K
}
Event: 9.446 GC heap before
{Heap before GC invocations=26 (full 0):
 garbage-first heap   total 107520K, used 88700K [0x0000000084e00000, 0x0000000100000000)
  region size 1024K, 55 young (56320K), 5 survivors (5120K)
 Metaspace       used 72944K, committed 73600K, reserved 1114112K
  class space    used 10158K, committed 10496K, reserved 1048576K
}
Event: 9.453 GC heap after
{Heap after GC invocations=27 (full 0):
 garbage-first heap   total 107520K, used 40463K [0x0000000084e00000, 0x0000000100000000)
  region size 1024K, 7 young (7168K), 7 survivors (7168K)
 Metaspace       used 72944K, committed 73600K, reserved 1114112K
  class space    used 10158K, committed 10496K, reserved 1048576K
}
Event: 9.850 GC heap before
{Heap before GC invocations=27 (full 0):
 garbage-first heap   total 107520K, used 87567K [0x0000000084e00000, 0x0000000100000000)
  region size 1024K, 53 young (54272K), 7 survivors (7168K)
 Metaspace       used 75240K, committed 75968K, reserved 1114112K
  class space    used 10467K, committed 10816K, reserved 1048576K
}
Event: 9.858 GC heap after
{Heap after GC invocations=28 (full 0):
 garbage-first heap   total 107520K, used 43172K [0x0000000084e00000, 0x0000000100000000)
  region size 1024K, 6 young (6144K), 6 survivors (6144K)
 Metaspace       used 75240K, committed 75968K, reserved 1114112K
  class space    used 10467K, committed 10816K, reserved 1048576K
}
Event: 13.492 GC heap before
{Heap before GC invocations=28 (full 0):
 garbage-first heap   total 107520K, used 88228K [0x0000000084e00000, 0x0000000100000000)
  region size 1024K, 51 young (52224K), 6 survivors (6144K)
 Metaspace       used 79136K, committed 79872K, reserved 1179648K
  class space    used 10932K, committed 11264K, reserved 1048576K
}
Event: 13.500 GC heap after
{Heap after GC invocations=29 (full 0):
 garbage-first heap   total 107520K, used 44619K [0x0000000084e00000, 0x0000000100000000)
  region size 1024K, 5 young (5120K), 5 survivors (5120K)
 Metaspace       used 79136K, committed 79872K, reserved 1179648K
  class space    used 10932K, committed 11264K, reserved 1048576K
}
Event: 14.183 GC heap before
{Heap before GC invocations=29 (full 0):
 garbage-first heap   total 107520K, used 88651K [0x0000000084e00000, 0x0000000100000000)
  region size 1024K, 48 young (49152K), 5 survivors (5120K)
 Metaspace       used 84160K, committed 84928K, reserved 1179648K
  class space    used 11579K, committed 11904K, reserved 1048576K
}
Event: 14.190 GC heap after
{Heap after GC invocations=30 (full 0):
 garbage-first heap   total 107520K, used 46703K [0x0000000084e00000, 0x0000000100000000)
  region size 1024K, 5 young (5120K), 5 survivors (5120K)
 Metaspace       used 84160K, committed 84928K, reserved 1179648K
  class space    used 11579K, committed 11904K, reserved 1048576K
}
Event: 113.047 GC heap before
{Heap before GC invocations=30 (full 0):
 garbage-first heap   total 107520K, used 60015K [0x0000000084e00000, 0x0000000100000000)
  region size 1024K, 19 young (19456K), 5 survivors (5120K)
 Metaspace       used 84464K, committed 85184K, reserved 1179648K
  class space    used 11643K, committed 11968K, reserved 1048576K
}
Event: 113.101 GC heap after
{Heap after GC invocations=31 (full 1):
 garbage-first heap   total 107520K, used 38390K [0x0000000084e00000, 0x0000000100000000)
  region size 1024K, 0 young (0K), 0 survivors (0K)
 Metaspace       used 84460K, committed 85184K, reserved 1179648K
  class space    used 11643K, committed 11968K, reserved 1048576K
}
Event: 113.962 GC heap before
{Heap before GC invocations=31 (full 1):
 garbage-first heap   total 107520K, used 86518K [0x0000000084e00000, 0x0000000100000000)
  region size 1024K, 47 young (48128K), 0 survivors (0K)
 Metaspace       used 84573K, committed 85376K, reserved 1179648K
  class space    used 11657K, committed 12032K, reserved 1048576K
}
Event: 113.966 GC heap after
{Heap after GC invocations=32 (full 1):
 garbage-first heap   total 107520K, used 42260K [0x0000000084e00000, 0x0000000100000000)
  region size 1024K, 4 young (4096K), 4 survivors (4096K)
 Metaspace       used 84573K, committed 85376K, reserved 1179648K
  class space    used 11657K, committed 12032K, reserved 1048576K
}
Event: 114.454 GC heap before
{Heap before GC invocations=32 (full 1):
 garbage-first heap   total 107520K, used 87316K [0x0000000084e00000, 0x0000000100000000)
  region size 1024K, 47 young (48128K), 4 survivors (4096K)
 Metaspace       used 84759K, committed 85568K, reserved 1179648K
  class space    used 11672K, committed 12032K, reserved 1048576K
}
Event: 114.459 GC heap after
{Heap after GC invocations=33 (full 1):
 garbage-first heap   total 107520K, used 44248K [0x0000000084e00000, 0x0000000100000000)
  region size 1024K, 3 young (3072K), 3 survivors (3072K)
 Metaspace       used 84759K, committed 85568K, reserved 1179648K
  class space    used 11672K, committed 12032K, reserved 1048576K
}
Event: 114.757 GC heap before
{Heap before GC invocations=33 (full 1):
 garbage-first heap   total 107520K, used 85208K [0x0000000084e00000, 0x0000000100000000)
  region size 1024K, 43 young (44032K), 3 survivors (3072K)
 Metaspace       used 84891K, committed 85696K, reserved 1179648K
  class space    used 11682K, committed 12032K, reserved 1048576K
}
Event: 114.761 GC heap after
{Heap after GC invocations=34 (full 1):
 garbage-first heap   total 107520K, used 46205K [0x0000000084e00000, 0x0000000100000000)
  region size 1024K, 5 young (5120K), 5 survivors (5120K)
 Metaspace       used 84891K, committed 85696K, reserved 1179648K
  class space    used 11682K, committed 12032K, reserved 1048576K
}
Event: 133.338 GC heap before
{Heap before GC invocations=34 (full 1):
 garbage-first heap   total 107520K, used 84093K [0x0000000084e00000, 0x0000000100000000)
  region size 1024K, 43 young (44032K), 5 survivors (5120K)
 Metaspace       used 85965K, committed 86784K, reserved 1179648K
  class space    used 11877K, committed 12224K, reserved 1048576K
}
Event: 133.342 GC heap after
{Heap after GC invocations=35 (full 1):
 garbage-first heap   total 107520K, used 48401K [0x0000000084e00000, 0x0000000100000000)
  region size 1024K, 5 young (5120K), 5 survivors (5120K)
 Metaspace       used 85965K, committed 86784K, reserved 1179648K
  class space    used 11877K, committed 12224K, reserved 1048576K
}

