# JRE version: Java(TM) SE Runtime Environment (18.0.2+9) (build 18.0.2+9-61)
# Java VM: Java HotSpot(TM) 64-Bit Server VM (18.0.2+9-61, mixed mode, emulated-client, sharing, tiered, compressed oops, compressed class ptrs, g1 gc, windows-amd64)
GC Precious Log:
 CardTable entry size: 512
 Card Set container configuration: InlinePtr #cards 5 size 8 Array Of Cards #cards 12 size 40 Howl #buckets 4 coarsen threshold 1843 Howl Bitmap #cards 512 size 80 coarsen threshold 460 Card regions per heap region 1 cards per card region 2048
 CPUs: 8 total, 8 available
 Memory: 7874M
 Large Page Support: Disabled
 NUMA Support: Disabled
 Compressed Oops: Enabled (32-bit)
 Heap Region Size: 1M
 Heap Min Capacity: 8M
 Heap Initial Capacity: 124M
 Heap Max Capacity: 1970M
 Pre-touch: Disabled
 Parallel Workers: 8
 Concurrent Workers: 2
 Concurrent Refinement Workers: 8
 Periodic GC: Disabled
Heap:
 garbage-first heap   total 157696K, used 61757K [0x0000000084e00000, 0x0000000100000000)
  region size 1024K, 19 young (19456K), 0 survivors (0K)
 Metaspace       used 88321K, committed 88960K, reserved 1179648K
  class space    used 12098K, committed 12416K, reserved 1048576K
GC Heap History (20 events):
Event: 32787.341 GC heap before
{Heap before GC invocations=62 (full 2):
 garbage-first heap   total 114688K, used 89355K [0x0000000084e00000, 0x0000000100000000)
  region size 1024K, 52 young (53248K), 0 survivors (0K)
 Metaspace       used 86583K, committed 87488K, reserved 1179648K
  class space    used 11905K, committed 12352K, reserved 1048576K
}
Event: 32787.345 GC heap after
{Heap after GC invocations=63 (full 2):
 garbage-first heap   total 114688K, used 42022K [0x0000000084e00000, 0x0000000100000000)
  region size 1024K, 5 young (5120K), 5 survivors (5120K)
 Metaspace       used 86583K, committed 87488K, reserved 1179648K
  class space    used 11905K, committed 12352K, reserved 1048576K
}
Event: 32788.144 GC heap before
{Heap before GC invocations=63 (full 2):
 garbage-first heap   total 114688K, used 90150K [0x0000000084e00000, 0x0000000100000000)
  region size 1024K, 51 young (52224K), 5 survivors (5120K)
 Metaspace       used 86794K, committed 87616K, reserved 1179648K
  class space    used 11923K, committed 12352K, reserved 1048576K
}
Event: 32788.150 GC heap after
{Heap after GC invocations=64 (full 2):
 garbage-first heap   total 114688K, used 43403K [0x0000000084e00000, 0x0000000100000000)
  region size 1024K, 3 young (3072K), 3 survivors (3072K)
 Metaspace       used 86794K, committed 87616K, reserved 1179648K
  class space    used 11923K, committed 12352K, reserved 1048576K
}
Event: 32788.531 GC heap before
{Heap before GC invocations=64 (full 2):
 garbage-first heap   total 114688K, used 89483K [0x0000000084e00000, 0x0000000100000000)
  region size 1024K, 48 young (49152K), 3 survivors (3072K)
 Metaspace       used 86897K, committed 87680K, reserved 1179648K
  class space    used 11930K, committed 12352K, reserved 1048576K
}
Event: 32788.536 GC heap after
{Heap after GC invocations=65 (full 2):
 garbage-first heap   total 114688K, used 45728K [0x0000000084e00000, 0x0000000100000000)
  region size 1024K, 5 young (5120K), 5 survivors (5120K)
 Metaspace       used 86897K, committed 87680K, reserved 1179648K
  class space    used 11930K, committed 12352K, reserved 1048576K
}
Event: 32969.821 GC heap before
{Heap before GC invocations=65 (full 2):
 garbage-first heap   total 114688K, used 78496K [0x0000000084e00000, 0x0000000100000000)
  region size 1024K, 39 young (39936K), 5 survivors (5120K)
 Metaspace       used 87505K, committed 88192K, reserved 1179648K
  class space    used 12043K, committed 12352K, reserved 1048576K
}
Event: 32969.885 GC heap after
{Heap after GC invocations=66 (full 3):
 garbage-first heap   total 114688K, used 40401K [0x0000000084e00000, 0x0000000100000000)
  region size 1024K, 0 young (0K), 0 survivors (0K)
 Metaspace       used 87499K, committed 88192K, reserved 1179648K
  class space    used 12042K, committed 12352K, reserved 1048576K
}
Event: 32970.755 GC heap before
{Heap before GC invocations=66 (full 3):
 garbage-first heap   total 114688K, used 89553K [0x0000000084e00000, 0x0000000100000000)
  region size 1024K, 48 young (49152K), 0 survivors (0K)
 Metaspace       used 87610K, committed 88320K, reserved 1179648K
  class space    used 12060K, committed 12352K, reserved 1048576K
}
Event: 32970.759 GC heap after
{Heap after GC invocations=67 (full 3):
 garbage-first heap   total 114688K, used 44319K [0x0000000084e00000, 0x0000000100000000)
  region size 1024K, 4 young (4096K), 4 survivors (4096K)
 Metaspace       used 87610K, committed 88320K, reserved 1179648K
  class space    used 12060K, committed 12352K, reserved 1048576K
}
Event: 32971.246 GC heap before
{Heap before GC invocations=67 (full 3):
 garbage-first heap   total 114688K, used 90399K [0x0000000084e00000, 0x0000000100000000)
  region size 1024K, 48 young (49152K), 4 survivors (4096K)
 Metaspace       used 87841K, committed 88576K, reserved 1179648K
  class space    used 12076K, committed 12416K, reserved 1048576K
}
Event: 32971.254 GC heap after
{Heap after GC invocations=68 (full 3):
 garbage-first heap   total 114688K, used 46376K [0x0000000084e00000, 0x0000000100000000)
  region size 1024K, 3 young (3072K), 3 survivors (3072K)
 Metaspace       used 87841K, committed 88576K, reserved 1179648K
  class space    used 12076K, committed 12416K, reserved 1048576K
}
Event: 32971.552 GC heap before
{Heap before GC invocations=68 (full 3):
 garbage-first heap   total 114688K, used 89384K [0x0000000084e00000, 0x0000000100000000)
  region size 1024K, 45 young (46080K), 3 survivors (3072K)
 Metaspace       used 87917K, committed 88640K, reserved 1179648K
  class space    used 12082K, committed 12416K, reserved 1048576K
}
Event: 32971.556 GC heap after
{Heap after GC invocations=69 (full 3):
 garbage-first heap   total 114688K, used 48370K [0x0000000084e00000, 0x0000000100000000)
  region size 1024K, 5 young (5120K), 5 survivors (5120K)
 Metaspace       used 87917K, committed 88640K, reserved 1179648K
  class space    used 12082K, committed 12416K, reserved 1048576K
}
Event: 32973.219 GC heap before
{Heap before GC invocations=69 (full 3):
 garbage-first heap   total 114688K, used 68850K [0x0000000084e00000, 0x0000000100000000)
  region size 1024K, 26 young (26624K), 5 survivors (5120K)
 Metaspace       used 87924K, committed 88640K, reserved 1179648K
  class space    used 12084K, committed 12416K, reserved 1048576K
}
Event: 32973.292 GC heap after
{Heap after GC invocations=70 (full 4):
 garbage-first heap   total 114688K, used 42058K [0x0000000084e00000, 0x0000000100000000)
  region size 1024K, 0 young (0K), 0 survivors (0K)
 Metaspace       used 87758K, committed 88640K, reserved 1179648K
  class space    used 12044K, committed 12416K, reserved 1048576K
}
Event: 32974.382 GC heap before
{Heap before GC invocations=70 (full 4):
 garbage-first heap   total 114688K, used 91210K [0x0000000084e00000, 0x0000000100000000)
  region size 1024K, 48 young (49152K), 0 survivors (0K)
 Metaspace       used 87866K, committed 88640K, reserved 1179648K
  class space    used 12059K, committed 12416K, reserved 1048576K
}
Event: 32974.389 GC heap after
{Heap after GC invocations=71 (full 4):
 garbage-first heap   total 331776K, used 46154K [0x0000000084e00000, 0x0000000100000000)
  region size 1024K, 4 young (4096K), 4 survivors (4096K)
 Metaspace       used 87866K, committed 88640K, reserved 1179648K
  class space    used 12059K, committed 12416K, reserved 1048576K
}
Event: 32998.606 GC heap before
{Heap before GC invocations=71 (full 4):
 garbage-first heap   total 331776K, used 169034K [0x0000000084e00000, 0x0000000100000000)
  region size 1024K, 125 young (128000K), 4 survivors (4096K)
 Metaspace       used 88290K, committed 88960K, reserved 1179648K
  class space    used 12092K, committed 12416K, reserved 1048576K
}
Event: 32998.669 GC heap after
{Heap after GC invocations=72 (full 5):
 garbage-first heap   total 157696K, used 43325K [0x0000000084e00000, 0x0000000100000000)
  region size 1024K, 0 young (0K), 0 survivors (0K)
 Metaspace       used 88280K, committed 88960K, reserved 1179648K
  class space    used 12090K, committed 12416K, reserved 1048576K
}

